2025-09-24 23:14:44.177 INFO  [restartedMain] c.e.bookshop2.Bookshop2Application - Starting Bookshop2Application using Java 25 with PID 5512 (C:\Users\Tihonya\IdeaProjects\bookshop2\target\classes started by Tihonya in C:\Users\Tihonya\IdeaProjects\bookshop2)
2025-09-24 23:14:44.178 DEBUG [restartedMain] c.e.bookshop2.Bookshop2Application - Running with Spring Boot v3.5.6, Spring v6.2.11
2025-09-24 23:14:44.178 INFO  [restartedMain] c.e.bookshop2.Bookshop2Application - No active profile set, falling back to 1 default profile: "default"
2025-09-24 23:14:44.213 INFO  [restartedMain] o.s.b.d.e.DevToolsPropertyDefaultsPostProcessor - Devtools property defaults active! Set 'spring.devtools.add-properties' to 'false' to disable
2025-09-24 23:14:44.213 INFO  [restartedMain] o.s.b.d.e.DevToolsPropertyDefaultsPostProcessor - For additional web related logging consider setting the 'logging.level.web' property to 'DEBUG'
2025-09-24 23:14:45.804 INFO  [restartedMain] o.s.d.r.c.RepositoryConfigurationDelegate - Multiple Spring Data modules found, entering strict repository configuration mode
2025-09-24 23:14:45.805 INFO  [restartedMain] o.s.d.r.c.RepositoryConfigurationDelegate - Bootstrapping Spring Data JDBC repositories in DEFAULT mode.
2025-09-24 23:14:45.828 INFO  [restartedMain] o.s.d.r.c.RepositoryConfigurationExtensionSupport - Spring Data JDBC - Could not safely identify store assignment for repository candidate interface com.example.bookshop2.repository.AuthorRepository; If you want this repository to be a JDBC repository, consider annotating your entities with one of these annotations: org.springframework.data.relational.core.mapping.Table.
2025-09-24 23:14:45.829 INFO  [restartedMain] o.s.d.r.c.RepositoryConfigurationExtensionSupport - Spring Data JDBC - Could not safely identify store assignment for repository candidate interface com.example.bookshop2.repository.BookRepository; If you want this repository to be a JDBC repository, consider annotating your entities with one of these annotations: org.springframework.data.relational.core.mapping.Table.
2025-09-24 23:14:45.830 INFO  [restartedMain] o.s.d.r.c.RepositoryConfigurationExtensionSupport - Spring Data JDBC - Could not safely identify store assignment for repository candidate interface com.example.bookshop2.repository.PublisherRepository; If you want this repository to be a JDBC repository, consider annotating your entities with one of these annotations: org.springframework.data.relational.core.mapping.Table.
2025-09-24 23:14:45.830 INFO  [restartedMain] o.s.d.r.c.RepositoryConfigurationDelegate - Finished Spring Data repository scanning in 21 ms. Found 0 JDBC repository interfaces.
2025-09-24 23:14:45.837 INFO  [restartedMain] o.s.d.r.c.RepositoryConfigurationDelegate - Multiple Spring Data modules found, entering strict repository configuration mode
2025-09-24 23:14:45.838 INFO  [restartedMain] o.s.d.r.c.RepositoryConfigurationDelegate - Bootstrapping Spring Data JPA repositories in DEFAULT mode.
2025-09-24 23:14:45.864 INFO  [restartedMain] o.s.d.r.c.RepositoryConfigurationDelegate - Finished Spring Data repository scanning in 20 ms. Found 3 JPA repository interfaces.
2025-09-24 23:14:46.337 INFO  [restartedMain] o.s.b.w.e.tomcat.TomcatWebServer - Tomcat initialized with port 8080 (http)
2025-09-24 23:14:46.350 INFO  [restartedMain] o.a.coyote.http11.Http11NioProtocol - Initializing ProtocolHandler ["http-nio-8080"]
2025-09-24 23:14:46.351 INFO  [restartedMain] o.a.catalina.core.StandardService - Starting service [Tomcat]
2025-09-24 23:14:46.351 INFO  [restartedMain] o.a.catalina.core.StandardEngine - Starting Servlet engine: [Apache Tomcat/10.1.46]
2025-09-24 23:14:46.383 INFO  [restartedMain] o.a.c.c.C.[Tomcat].[localhost].[/] - Initializing Spring embedded WebApplicationContext
2025-09-24 23:14:46.384 INFO  [restartedMain] o.s.b.w.s.c.ServletWebServerApplicationContext - Root WebApplicationContext: initialization completed in 2170 ms
2025-09-24 23:14:46.797 INFO  [restartedMain] o.s.o.j.p.SpringPersistenceUnitInfo - No LoadTimeWeaver setup: ignoring JPA class transformer
2025-09-24 23:14:46.832 INFO  [restartedMain] com.zaxxer.hikari.HikariDataSource - HikariPool-1 - Starting...
2025-09-24 23:14:46.951 INFO  [restartedMain] com.zaxxer.hikari.pool.HikariPool - HikariPool-1 - Added connection org.postgresql.jdbc.PgConnection@772d0dc7
2025-09-24 23:14:46.952 INFO  [restartedMain] com.zaxxer.hikari.HikariDataSource - HikariPool-1 - Start completed.
2025-09-24 23:14:47.725 INFO  [restartedMain] o.s.o.j.LocalContainerEntityManagerFactoryBean - Initialized JPA EntityManagerFactory for persistence unit 'default'
2025-09-24 23:14:47.929 INFO  [restartedMain] c.e.bookshop2.service.CacheManager - 🔍 Кэш до очистки: []
2025-09-24 23:14:47.930 INFO  [restartedMain] c.e.bookshop2.service.CacheManager - 🧹 Очистка устаревших записей из кэша, текущий размер: 0, ключи: []
2025-09-24 23:14:47.987 INFO  [restartedMain] o.s.d.j.r.query.QueryEnhancerFactory - Hibernate is in classpath; If applicable, HQL parser will be used.
2025-09-24 23:14:48.169 INFO  [restartedMain] o.s.v.b.OptionalValidatorFactoryBean - Failed to set up a Bean Validation provider: jakarta.validation.NoProviderFoundException: Unable to create a Configuration, because no Jakarta Bean Validation provider could be found. Add a provider like Hibernate Validator (RI) to your classpath.
2025-09-24 23:14:48.577 INFO  [restartedMain] o.s.b.d.a.OptionalLiveReloadServer - LiveReload server is running on port 35729
2025-09-24 23:14:48.597 INFO  [restartedMain] o.a.coyote.http11.Http11NioProtocol - Starting ProtocolHandler ["http-nio-8080"]
2025-09-24 23:14:48.610 INFO  [restartedMain] o.s.b.w.e.tomcat.TomcatWebServer - Tomcat started on port 8080 (http) with context path '/'
2025-09-24 23:14:48.623 INFO  [restartedMain] c.e.bookshop2.Bookshop2Application - Started Bookshop2Application in 4.895 seconds (process running for 6.529)
2025-09-24 23:14:48.626 INFO  [scheduling-1] c.e.bookshop2.service.CacheManager - 🔍 Кэш до очистки: []
2025-09-24 23:14:48.626 INFO  [scheduling-1] c.e.bookshop2.service.CacheManager - 🧹 Очистка устаревших записей из кэша, текущий размер: 0, ключи: []
2025-09-24 23:14:58.622 INFO  [scheduling-1] c.e.bookshop2.service.CacheManager - 🔍 Кэш до очистки: []
2025-09-24 23:14:58.623 INFO  [scheduling-1] c.e.bookshop2.service.CacheManager - 🧹 Очистка устаревших записей из кэша, текущий размер: 0, ключи: []
2025-09-24 23:15:07.534 INFO  [SpringApplicationShutdownHook] o.s.b.w.e.tomcat.GracefulShutdown - Commencing graceful shutdown. Waiting for active requests to complete
2025-09-24 23:15:07.538 INFO  [tomcat-shutdown] o.s.b.w.e.tomcat.GracefulShutdown - Graceful shutdown complete
2025-09-24 23:15:07.542 INFO  [SpringApplicationShutdownHook] o.s.o.j.LocalContainerEntityManagerFactoryBean - Closing JPA EntityManagerFactory for persistence unit 'default'
2025-09-24 23:15:07.544 INFO  [SpringApplicationShutdownHook] com.zaxxer.hikari.HikariDataSource - HikariPool-1 - Shutdown initiated...
2025-09-24 23:15:07.549 INFO  [SpringApplicationShutdownHook] com.zaxxer.hikari.HikariDataSource - HikariPool-1 - Shutdown completed.
2025-09-24 23:44:07.215 INFO  [restartedMain] c.e.bookshop2.Bookshop2Application - Starting Bookshop2Application using Java 25 with PID 2992 (C:\Users\Tihonya\IdeaProjects\bookshop2\target\classes started by Tihonya in C:\Users\Tihonya\IdeaProjects\bookshop2)
2025-09-24 23:44:07.218 DEBUG [restartedMain] c.e.bookshop2.Bookshop2Application - Running with Spring Boot v3.5.6, Spring v6.2.11
2025-09-24 23:44:07.219 INFO  [restartedMain] c.e.bookshop2.Bookshop2Application - No active profile set, falling back to 1 default profile: "default"
2025-09-24 23:44:07.331 INFO  [restartedMain] o.s.b.d.e.DevToolsPropertyDefaultsPostProcessor - Devtools property defaults active! Set 'spring.devtools.add-properties' to 'false' to disable
2025-09-24 23:44:07.331 INFO  [restartedMain] o.s.b.d.e.DevToolsPropertyDefaultsPostProcessor - For additional web related logging consider setting the 'logging.level.web' property to 'DEBUG'
2025-09-24 23:44:08.385 INFO  [restartedMain] o.s.d.r.c.RepositoryConfigurationDelegate - Multiple Spring Data modules found, entering strict repository configuration mode
2025-09-24 23:44:08.387 INFO  [restartedMain] o.s.d.r.c.RepositoryConfigurationDelegate - Bootstrapping Spring Data JDBC repositories in DEFAULT mode.
2025-09-24 23:44:08.427 INFO  [restartedMain] o.s.d.r.c.RepositoryConfigurationExtensionSupport - Spring Data JDBC - Could not safely identify store assignment for repository candidate interface com.example.bookshop2.repository.AuthorRepository; If you want this repository to be a JDBC repository, consider annotating your entities with one of these annotations: org.springframework.data.relational.core.mapping.Table.
2025-09-24 23:44:08.428 INFO  [restartedMain] o.s.d.r.c.RepositoryConfigurationExtensionSupport - Spring Data JDBC - Could not safely identify store assignment for repository candidate interface com.example.bookshop2.repository.BookRepository; If you want this repository to be a JDBC repository, consider annotating your entities with one of these annotations: org.springframework.data.relational.core.mapping.Table.
2025-09-24 23:44:08.431 INFO  [restartedMain] o.s.d.r.c.RepositoryConfigurationExtensionSupport - Spring Data JDBC - Could not safely identify store assignment for repository candidate interface com.example.bookshop2.repository.PublisherRepository; If you want this repository to be a JDBC repository, consider annotating your entities with one of these annotations: org.springframework.data.relational.core.mapping.Table.
2025-09-24 23:44:08.431 INFO  [restartedMain] o.s.d.r.c.RepositoryConfigurationDelegate - Finished Spring Data repository scanning in 37 ms. Found 0 JDBC repository interfaces.
2025-09-24 23:44:08.444 INFO  [restartedMain] o.s.d.r.c.RepositoryConfigurationDelegate - Multiple Spring Data modules found, entering strict repository configuration mode
2025-09-24 23:44:08.445 INFO  [restartedMain] o.s.d.r.c.RepositoryConfigurationDelegate - Bootstrapping Spring Data JPA repositories in DEFAULT mode.
2025-09-24 23:44:08.469 INFO  [restartedMain] o.s.d.r.c.RepositoryConfigurationDelegate - Finished Spring Data repository scanning in 19 ms. Found 3 JPA repository interfaces.
2025-09-24 23:44:08.993 INFO  [restartedMain] o.s.b.w.e.tomcat.TomcatWebServer - Tomcat initialized with port 8080 (http)
2025-09-24 23:44:09.008 INFO  [restartedMain] o.a.coyote.http11.Http11NioProtocol - Initializing ProtocolHandler ["http-nio-8080"]
2025-09-24 23:44:09.010 INFO  [restartedMain] o.a.catalina.core.StandardService - Starting service [Tomcat]
2025-09-24 23:44:09.010 INFO  [restartedMain] o.a.catalina.core.StandardEngine - Starting Servlet engine: [Apache Tomcat/10.1.46]
2025-09-24 23:44:09.053 INFO  [restartedMain] o.a.c.c.C.[Tomcat].[localhost].[/] - Initializing Spring embedded WebApplicationContext
2025-09-24 23:44:09.054 INFO  [restartedMain] o.s.b.w.s.c.ServletWebServerApplicationContext - Root WebApplicationContext: initialization completed in 1722 ms
2025-09-24 23:44:09.584 INFO  [restartedMain] o.s.o.j.p.SpringPersistenceUnitInfo - No LoadTimeWeaver setup: ignoring JPA class transformer
2025-09-24 23:44:09.615 INFO  [restartedMain] com.zaxxer.hikari.HikariDataSource - HikariPool-1 - Starting...
2025-09-24 23:44:09.764 INFO  [restartedMain] com.zaxxer.hikari.pool.HikariPool - HikariPool-1 - Added connection org.postgresql.jdbc.PgConnection@563c9a49
2025-09-24 23:44:09.765 INFO  [restartedMain] com.zaxxer.hikari.HikariDataSource - HikariPool-1 - Start completed.
2025-09-24 23:44:11.037 INFO  [restartedMain] o.s.o.j.LocalContainerEntityManagerFactoryBean - Initialized JPA EntityManagerFactory for persistence unit 'default'
2025-09-24 23:44:11.056 WARN  [restartedMain] o.s.b.w.s.c.AnnotationConfigServletWebServerApplicationContext - Exception encountered during context initialization - cancelling refresh attempt: org.springframework.beans.factory.BeanCreationException: Error creating bean with name 'authorController': Lookup method resolution failed
2025-09-24 23:44:11.057 INFO  [restartedMain] o.s.o.j.LocalContainerEntityManagerFactoryBean - Closing JPA EntityManagerFactory for persistence unit 'default'
2025-09-24 23:44:11.060 INFO  [restartedMain] com.zaxxer.hikari.HikariDataSource - HikariPool-1 - Shutdown initiated...
2025-09-24 23:44:11.064 INFO  [restartedMain] com.zaxxer.hikari.HikariDataSource - HikariPool-1 - Shutdown completed.
2025-09-24 23:44:11.066 INFO  [restartedMain] o.a.catalina.core.StandardService - Stopping service [Tomcat]
2025-09-24 23:44:11.075 INFO  [restartedMain] o.s.b.a.l.ConditionEvaluationReportLogger - 

Error starting ApplicationContext. To display the condition evaluation report re-run your application with 'debug' enabled.
2025-09-24 23:44:11.103 ERROR [restartedMain] o.s.boot.SpringApplication - Application run failed
org.springframework.beans.factory.BeanCreationException: Error creating bean with name 'authorController': Lookup method resolution failed
	at org.springframework.beans.factory.annotation.AutowiredAnnotationBeanPostProcessor.checkLookupMethods(AutowiredAnnotationBeanPostProcessor.java:498)
	at org.springframework.beans.factory.annotation.AutowiredAnnotationBeanPostProcessor.determineCandidateConstructors(AutowiredAnnotationBeanPostProcessor.java:368)
	at org.springframework.beans.factory.support.AbstractAutowireCapableBeanFactory.determineConstructorsFromBeanPostProcessors(AbstractAutowireCapableBeanFactory.java:1334)
	at org.springframework.beans.factory.support.AbstractAutowireCapableBeanFactory.createBeanInstance(AbstractAutowireCapableBeanFactory.java:1229)
	at org.springframework.beans.factory.support.AbstractAutowireCapableBeanFactory.doCreateBean(AbstractAutowireCapableBeanFactory.java:569)
	at org.springframework.beans.factory.support.AbstractAutowireCapableBeanFactory.createBean(AbstractAutowireCapableBeanFactory.java:529)
	at org.springframework.beans.factory.support.AbstractBeanFactory.lambda$doGetBean$0(AbstractBeanFactory.java:339)
	at org.springframework.beans.factory.support.DefaultSingletonBeanRegistry.getSingleton(DefaultSingletonBeanRegistry.java:373)
	at org.springframework.beans.factory.support.AbstractBeanFactory.doGetBean(AbstractBeanFactory.java:337)
	at org.springframework.beans.factory.support.AbstractBeanFactory.getBean(AbstractBeanFactory.java:202)
	at org.springframework.beans.factory.support.DefaultListableBeanFactory.instantiateSingleton(DefaultListableBeanFactory.java:1221)
	at org.springframework.beans.factory.support.DefaultListableBeanFactory.preInstantiateSingleton(DefaultListableBeanFactory.java:1187)
	at org.springframework.beans.factory.support.DefaultListableBeanFactory.preInstantiateSingletons(DefaultListableBeanFactory.java:1123)
	at org.springframework.context.support.AbstractApplicationContext.finishBeanFactoryInitialization(AbstractApplicationContext.java:987)
	at org.springframework.context.support.AbstractApplicationContext.refresh(AbstractApplicationContext.java:627)
	at org.springframework.boot.web.servlet.context.ServletWebServerApplicationContext.refresh(ServletWebServerApplicationContext.java:146)
	at org.springframework.boot.SpringApplication.refresh(SpringApplication.java:752)
	at org.springframework.boot.SpringApplication.refreshContext(SpringApplication.java:439)
	at org.springframework.boot.SpringApplication.run(SpringApplication.java:318)
	at org.springframework.boot.SpringApplication.run(SpringApplication.java:1361)
	at org.springframework.boot.SpringApplication.run(SpringApplication.java:1350)
	at com.example.bookshop2.Bookshop2Application.main(Bookshop2Application.java:11)
	at java.base/jdk.internal.reflect.DirectMethodHandleAccessor.invoke(DirectMethodHandleAccessor.java:104)
	at java.base/java.lang.reflect.Method.invoke(Method.java:565)
	at org.springframework.boot.devtools.restart.RestartLauncher.run(RestartLauncher.java:50)
Caused by: java.lang.IllegalStateException: Failed to introspect Class [com.example.bookshop2.controller.AuthorController] from ClassLoader [org.springframework.boot.devtools.restart.classloader.RestartClassLoader@572aa637]
	at org.springframework.util.ReflectionUtils.getDeclaredMethods(ReflectionUtils.java:483)
	at org.springframework.util.ReflectionUtils.doWithLocalMethods(ReflectionUtils.java:320)
	at org.springframework.beans.factory.annotation.AutowiredAnnotationBeanPostProcessor.checkLookupMethods(AutowiredAnnotationBeanPostProcessor.java:476)
	... 24 common frames omitted
Caused by: java.lang.NoClassDefFoundError: com/example/bookshop2/dto/AuthorDto
	at java.base/java.lang.Class.getDeclaredMethods0(Native Method)
	at java.base/java.lang.Class.privateGetDeclaredMethods(Class.java:3010)
	at java.base/java.lang.Class.getDeclaredMethods(Class.java:2329)
	at org.springframework.util.ReflectionUtils.getDeclaredMethods(ReflectionUtils.java:465)
	... 26 common frames omitted
Caused by: java.lang.ClassNotFoundException: com.example.bookshop2.dto.AuthorDto
	at java.base/jdk.internal.loader.BuiltinClassLoader.loadClass(BuiltinClassLoader.java:580)
	at java.base/java.lang.ClassLoader.loadClass(ClassLoader.java:490)
	at java.base/java.lang.Class.forName0(Native Method)
	at java.base/java.lang.Class.forName(Class.java:547)
	at org.springframework.boot.devtools.restart.classloader.RestartClassLoader.loadClass(RestartClassLoader.java:121)
	at java.base/java.lang.ClassLoader.loadClass(ClassLoader.java:490)
	... 30 common frames omitted
2025-09-24 23:45:26.930 INFO  [restartedMain] c.e.bookshop2.Bookshop2Application - Starting Bookshop2Application using Java 25 with PID 14304 (C:\Users\Tihonya\IdeaProjects\bookshop2\target\classes started by Tihonya in C:\Users\Tihonya\IdeaProjects\bookshop2)
2025-09-24 23:45:26.931 DEBUG [restartedMain] c.e.bookshop2.Bookshop2Application - Running with Spring Boot v3.5.6, Spring v6.2.11
2025-09-24 23:45:26.931 INFO  [restartedMain] c.e.bookshop2.Bookshop2Application - No active profile set, falling back to 1 default profile: "default"
2025-09-24 23:45:26.959 INFO  [restartedMain] o.s.b.d.e.DevToolsPropertyDefaultsPostProcessor - Devtools property defaults active! Set 'spring.devtools.add-properties' to 'false' to disable
2025-09-24 23:45:26.959 INFO  [restartedMain] o.s.b.d.e.DevToolsPropertyDefaultsPostProcessor - For additional web related logging consider setting the 'logging.level.web' property to 'DEBUG'
2025-09-24 23:45:27.796 INFO  [restartedMain] o.s.d.r.c.RepositoryConfigurationDelegate - Multiple Spring Data modules found, entering strict repository configuration mode
2025-09-24 23:45:27.797 INFO  [restartedMain] o.s.d.r.c.RepositoryConfigurationDelegate - Bootstrapping Spring Data JDBC repositories in DEFAULT mode.
2025-09-24 23:45:27.825 INFO  [restartedMain] o.s.d.r.c.RepositoryConfigurationExtensionSupport - Spring Data JDBC - Could not safely identify store assignment for repository candidate interface com.example.bookshop2.repository.AuthorRepository; If you want this repository to be a JDBC repository, consider annotating your entities with one of these annotations: org.springframework.data.relational.core.mapping.Table.
2025-09-24 23:45:27.826 INFO  [restartedMain] o.s.d.r.c.RepositoryConfigurationExtensionSupport - Spring Data JDBC - Could not safely identify store assignment for repository candidate interface com.example.bookshop2.repository.BookRepository; If you want this repository to be a JDBC repository, consider annotating your entities with one of these annotations: org.springframework.data.relational.core.mapping.Table.
2025-09-24 23:45:27.827 INFO  [restartedMain] o.s.d.r.c.RepositoryConfigurationExtensionSupport - Spring Data JDBC - Could not safely identify store assignment for repository candidate interface com.example.bookshop2.repository.PublisherRepository; If you want this repository to be a JDBC repository, consider annotating your entities with one of these annotations: org.springframework.data.relational.core.mapping.Table.
2025-09-24 23:45:27.828 INFO  [restartedMain] o.s.d.r.c.RepositoryConfigurationDelegate - Finished Spring Data repository scanning in 28 ms. Found 0 JDBC repository interfaces.
2025-09-24 23:45:27.835 INFO  [restartedMain] o.s.d.r.c.RepositoryConfigurationDelegate - Multiple Spring Data modules found, entering strict repository configuration mode
2025-09-24 23:45:27.837 INFO  [restartedMain] o.s.d.r.c.RepositoryConfigurationDelegate - Bootstrapping Spring Data JPA repositories in DEFAULT mode.
2025-09-24 23:45:27.856 INFO  [restartedMain] o.s.d.r.c.RepositoryConfigurationDelegate - Finished Spring Data repository scanning in 16 ms. Found 3 JPA repository interfaces.
2025-09-24 23:45:28.239 INFO  [restartedMain] o.s.b.w.e.tomcat.TomcatWebServer - Tomcat initialized with port 8080 (http)
2025-09-24 23:45:28.246 INFO  [restartedMain] o.a.coyote.http11.Http11NioProtocol - Initializing ProtocolHandler ["http-nio-8080"]
2025-09-24 23:45:28.248 INFO  [restartedMain] o.a.catalina.core.StandardService - Starting service [Tomcat]
2025-09-24 23:45:28.248 INFO  [restartedMain] o.a.catalina.core.StandardEngine - Starting Servlet engine: [Apache Tomcat/10.1.46]
2025-09-24 23:45:28.274 INFO  [restartedMain] o.a.c.c.C.[Tomcat].[localhost].[/] - Initializing Spring embedded WebApplicationContext
2025-09-24 23:45:28.275 INFO  [restartedMain] o.s.b.w.s.c.ServletWebServerApplicationContext - Root WebApplicationContext: initialization completed in 1316 ms
2025-09-24 23:45:28.610 INFO  [restartedMain] o.s.o.j.p.SpringPersistenceUnitInfo - No LoadTimeWeaver setup: ignoring JPA class transformer
2025-09-24 23:45:28.628 INFO  [restartedMain] com.zaxxer.hikari.HikariDataSource - HikariPool-1 - Starting...
2025-09-24 23:45:28.750 INFO  [restartedMain] com.zaxxer.hikari.pool.HikariPool - HikariPool-1 - Added connection org.postgresql.jdbc.PgConnection@c4ecdf9
2025-09-24 23:45:28.751 INFO  [restartedMain] com.zaxxer.hikari.HikariDataSource - HikariPool-1 - Start completed.
2025-09-24 23:45:29.530 INFO  [restartedMain] o.s.o.j.LocalContainerEntityManagerFactoryBean - Initialized JPA EntityManagerFactory for persistence unit 'default'
2025-09-24 23:45:29.764 INFO  [restartedMain] c.e.bookshop2.service.CacheManager - 🔍 Кэш до очистки: []
2025-09-24 23:45:29.764 INFO  [restartedMain] c.e.bookshop2.service.CacheManager - 🧹 Очистка устаревших записей из кэша, текущий размер: 0, ключи: []
2025-09-24 23:45:29.817 INFO  [restartedMain] o.s.d.j.r.query.QueryEnhancerFactory - Hibernate is in classpath; If applicable, HQL parser will be used.
2025-09-24 23:45:29.972 INFO  [restartedMain] o.s.v.b.OptionalValidatorFactoryBean - Failed to set up a Bean Validation provider: jakarta.validation.NoProviderFoundException: Unable to create a Configuration, because no Jakarta Bean Validation provider could be found. Add a provider like Hibernate Validator (RI) to your classpath.
2025-09-24 23:45:30.345 INFO  [restartedMain] o.s.b.d.a.OptionalLiveReloadServer - LiveReload server is running on port 35729
2025-09-24 23:45:30.361 INFO  [restartedMain] o.a.coyote.http11.Http11NioProtocol - Starting ProtocolHandler ["http-nio-8080"]
2025-09-24 23:45:30.373 INFO  [restartedMain] o.s.b.w.e.tomcat.TomcatWebServer - Tomcat started on port 8080 (http) with context path '/'
2025-09-24 23:45:30.383 INFO  [restartedMain] c.e.bookshop2.Bookshop2Application - Started Bookshop2Application in 3.854 seconds (process running for 4.279)
2025-09-24 23:45:30.388 INFO  [scheduling-1] c.e.bookshop2.service.CacheManager - 🔍 Кэш до очистки: []
2025-09-24 23:45:30.388 INFO  [scheduling-1] c.e.bookshop2.service.CacheManager - 🧹 Очистка устаревших записей из кэша, текущий размер: 0, ключи: []
2025-09-24 23:45:40.381 INFO  [scheduling-1] c.e.bookshop2.service.CacheManager - 🔍 Кэш до очистки: []
2025-09-24 23:45:40.381 INFO  [scheduling-1] c.e.bookshop2.service.CacheManager - 🧹 Очистка устаревших записей из кэша, текущий размер: 0, ключи: []
2025-09-24 23:45:50.381 INFO  [scheduling-1] c.e.bookshop2.service.CacheManager - 🔍 Кэш до очистки: []
2025-09-24 23:45:50.381 INFO  [scheduling-1] c.e.bookshop2.service.CacheManager - 🧹 Очистка устаревших записей из кэша, текущий размер: 0, ключи: []
2025-09-24 23:46:00.382 INFO  [scheduling-1] c.e.bookshop2.service.CacheManager - 🔍 Кэш до очистки: []
2025-09-24 23:46:00.382 INFO  [scheduling-1] c.e.bookshop2.service.CacheManager - 🧹 Очистка устаревших записей из кэша, текущий размер: 0, ключи: []
2025-09-24 23:46:10.389 INFO  [scheduling-1] c.e.bookshop2.service.CacheManager - 🔍 Кэш до очистки: []
2025-09-24 23:46:10.390 INFO  [scheduling-1] c.e.bookshop2.service.CacheManager - 🧹 Очистка устаревших записей из кэша, текущий размер: 0, ключи: []
2025-09-24 23:46:14.314 INFO  [SpringApplicationShutdownHook] o.s.b.w.e.tomcat.GracefulShutdown - Commencing graceful shutdown. Waiting for active requests to complete
2025-09-24 23:46:14.318 INFO  [tomcat-shutdown] o.s.b.w.e.tomcat.GracefulShutdown - Graceful shutdown complete
2025-09-24 23:46:14.321 INFO  [SpringApplicationShutdownHook] o.s.o.j.LocalContainerEntityManagerFactoryBean - Closing JPA EntityManagerFactory for persistence unit 'default'
2025-09-24 23:46:14.324 INFO  [SpringApplicationShutdownHook] com.zaxxer.hikari.HikariDataSource - HikariPool-1 - Shutdown initiated...
2025-09-24 23:46:14.327 INFO  [SpringApplicationShutdownHook] com.zaxxer.hikari.HikariDataSource - HikariPool-1 - Shutdown completed.
2025-09-24 23:55:54.413 INFO  [restartedMain] c.e.bookshop2.Bookshop2Application - Starting Bookshop2Application using Java 25 with PID 12524 (C:\Users\Tihonya\IdeaProjects\bookshop2\target\classes started by Tihonya in C:\Users\Tihonya\IdeaProjects\bookshop2)
2025-09-24 23:55:54.413 DEBUG [restartedMain] c.e.bookshop2.Bookshop2Application - Running with Spring Boot v3.5.6, Spring v6.2.11
2025-09-24 23:55:54.414 INFO  [restartedMain] c.e.bookshop2.Bookshop2Application - No active profile set, falling back to 1 default profile: "default"
2025-09-24 23:55:54.444 INFO  [restartedMain] o.s.b.d.e.DevToolsPropertyDefaultsPostProcessor - Devtools property defaults active! Set 'spring.devtools.add-properties' to 'false' to disable
2025-09-24 23:55:54.444 INFO  [restartedMain] o.s.b.d.e.DevToolsPropertyDefaultsPostProcessor - For additional web related logging consider setting the 'logging.level.web' property to 'DEBUG'
2025-09-24 23:55:54.977 INFO  [restartedMain] o.s.d.r.c.RepositoryConfigurationDelegate - Multiple Spring Data modules found, entering strict repository configuration mode
2025-09-24 23:55:54.979 INFO  [restartedMain] o.s.d.r.c.RepositoryConfigurationDelegate - Bootstrapping Spring Data JDBC repositories in DEFAULT mode.
2025-09-24 23:55:55.001 INFO  [restartedMain] o.s.d.r.c.RepositoryConfigurationExtensionSupport - Spring Data JDBC - Could not safely identify store assignment for repository candidate interface com.example.bookshop2.repository.AuthorRepository; If you want this repository to be a JDBC repository, consider annotating your entities with one of these annotations: org.springframework.data.relational.core.mapping.Table.
2025-09-24 23:55:55.002 INFO  [restartedMain] o.s.d.r.c.RepositoryConfigurationExtensionSupport - Spring Data JDBC - Could not safely identify store assignment for repository candidate interface com.example.bookshop2.repository.BookRepository; If you want this repository to be a JDBC repository, consider annotating your entities with one of these annotations: org.springframework.data.relational.core.mapping.Table.
2025-09-24 23:55:55.003 INFO  [restartedMain] o.s.d.r.c.RepositoryConfigurationExtensionSupport - Spring Data JDBC - Could not safely identify store assignment for repository candidate interface com.example.bookshop2.repository.PublisherRepository; If you want this repository to be a JDBC repository, consider annotating your entities with one of these annotations: org.springframework.data.relational.core.mapping.Table.
2025-09-24 23:55:55.003 INFO  [restartedMain] o.s.d.r.c.RepositoryConfigurationDelegate - Finished Spring Data repository scanning in 20 ms. Found 0 JDBC repository interfaces.
2025-09-24 23:55:55.011 INFO  [restartedMain] o.s.d.r.c.RepositoryConfigurationDelegate - Multiple Spring Data modules found, entering strict repository configuration mode
2025-09-24 23:55:55.012 INFO  [restartedMain] o.s.d.r.c.RepositoryConfigurationDelegate - Bootstrapping Spring Data JPA repositories in DEFAULT mode.
2025-09-24 23:55:55.031 INFO  [restartedMain] o.s.d.r.c.RepositoryConfigurationDelegate - Finished Spring Data repository scanning in 15 ms. Found 3 JPA repository interfaces.
2025-09-24 23:55:55.420 INFO  [restartedMain] o.s.b.w.e.tomcat.TomcatWebServer - Tomcat initialized with port 8080 (http)
2025-09-24 23:55:55.429 INFO  [restartedMain] o.a.coyote.http11.Http11NioProtocol - Initializing ProtocolHandler ["http-nio-8080"]
2025-09-24 23:55:55.430 INFO  [restartedMain] o.a.catalina.core.StandardService - Starting service [Tomcat]
2025-09-24 23:55:55.431 INFO  [restartedMain] o.a.catalina.core.StandardEngine - Starting Servlet engine: [Apache Tomcat/10.1.46]
2025-09-24 23:55:55.464 INFO  [restartedMain] o.a.c.c.C.[Tomcat].[localhost].[/] - Initializing Spring embedded WebApplicationContext
2025-09-24 23:55:55.464 INFO  [restartedMain] o.s.b.w.s.c.ServletWebServerApplicationContext - Root WebApplicationContext: initialization completed in 1020 ms
2025-09-24 23:55:55.806 INFO  [restartedMain] o.s.o.j.p.SpringPersistenceUnitInfo - No LoadTimeWeaver setup: ignoring JPA class transformer
2025-09-24 23:55:55.827 INFO  [restartedMain] com.zaxxer.hikari.HikariDataSource - HikariPool-1 - Starting...
2025-09-24 23:55:56.038 INFO  [restartedMain] com.zaxxer.hikari.pool.HikariPool - HikariPool-1 - Added connection org.postgresql.jdbc.PgConnection@2ded5a29
2025-09-24 23:55:56.039 INFO  [restartedMain] com.zaxxer.hikari.HikariDataSource - HikariPool-1 - Start completed.
2025-09-24 23:55:56.853 INFO  [restartedMain] o.s.o.j.LocalContainerEntityManagerFactoryBean - Initialized JPA EntityManagerFactory for persistence unit 'default'
2025-09-24 23:55:57.041 INFO  [restartedMain] c.e.bookshop2.service.CacheManager - 🔍 Кэш до очистки: []
2025-09-24 23:55:57.041 INFO  [restartedMain] c.e.bookshop2.service.CacheManager - 🧹 Очистка устаревших записей из кэша, текущий размер: 0, ключи: []
2025-09-24 23:55:57.104 INFO  [restartedMain] o.s.d.j.r.query.QueryEnhancerFactory - Hibernate is in classpath; If applicable, HQL parser will be used.
2025-09-24 23:55:57.241 INFO  [restartedMain] o.s.v.b.OptionalValidatorFactoryBean - Failed to set up a Bean Validation provider: jakarta.validation.NoProviderFoundException: Unable to create a Configuration, because no Jakarta Bean Validation provider could be found. Add a provider like Hibernate Validator (RI) to your classpath.
2025-09-24 23:55:57.593 INFO  [restartedMain] o.s.b.d.a.OptionalLiveReloadServer - LiveReload server is running on port 35729
2025-09-24 23:55:57.609 INFO  [restartedMain] o.a.coyote.http11.Http11NioProtocol - Starting ProtocolHandler ["http-nio-8080"]
2025-09-24 23:55:57.620 INFO  [restartedMain] o.s.b.w.e.tomcat.TomcatWebServer - Tomcat started on port 8080 (http) with context path '/'
2025-09-24 23:55:57.627 INFO  [restartedMain] c.e.bookshop2.Bookshop2Application - Started Bookshop2Application in 3.59 seconds (process running for 4.019)
2025-09-24 23:55:57.630 INFO  [scheduling-1] c.e.bookshop2.service.CacheManager - 🔍 Кэш до очистки: []
2025-09-24 23:55:57.631 INFO  [scheduling-1] c.e.bookshop2.service.CacheManager - 🧹 Очистка устаревших записей из кэша, текущий размер: 0, ключи: []
2025-09-24 23:56:05.618 INFO  [http-nio-8080-exec-1] o.a.c.c.C.[Tomcat].[localhost].[/] - Initializing Spring DispatcherServlet 'dispatcherServlet'
2025-09-24 23:56:05.618 INFO  [http-nio-8080-exec-1] o.s.web.servlet.DispatcherServlet - Initializing Servlet 'dispatcherServlet'
2025-09-24 23:56:05.619 INFO  [http-nio-8080-exec-1] o.s.web.servlet.DispatcherServlet - Completed initialization in 1 ms
2025-09-24 23:56:05.658 INFO  [http-nio-8080-exec-1] c.e.bookshop2.aspect.LoggingAspect - [GET] /authors - ResponseEntity com.example.bookshop2.controller.AuthorController.getAllAuthors() with params: 
2025-09-24 23:56:07.627 INFO  [scheduling-1] c.e.bookshop2.service.CacheManager - 🔍 Кэш до очистки: []
2025-09-24 23:56:07.627 INFO  [scheduling-1] c.e.bookshop2.service.CacheManager - 🧹 Очистка устаревших записей из кэша, текущий размер: 0, ключи: []
2025-09-24 23:56:10.307 INFO  [http-nio-8080-exec-5] c.e.bookshop2.aspect.LoggingAspect - [POST] /authors - ResponseEntity com.example.bookshop2.controller.AuthorController.createAuthor(AuthorDto) with params: AuthorDto(id=null, name=Антон)
2025-09-24 23:56:10.384 INFO  [http-nio-8080-exec-5] c.e.bookshop2.service.CacheManager - 🗑 Кэш очищен для автора с ID: 1
2025-09-24 23:56:10.425 INFO  [http-nio-8080-exec-2] c.e.bookshop2.aspect.LoggingAspect - [GET] /authors - ResponseEntity com.example.bookshop2.controller.AuthorController.getAllAuthors() with params: 
2025-09-24 23:56:11.901 INFO  [http-nio-8080-exec-7] c.e.bookshop2.aspect.LoggingAspect - [GET] /publishers - ResponseEntity com.example.bookshop2.controller.PublisherController.getAllPublishers() with params: 
2025-09-24 23:56:17.640 INFO  [scheduling-1] c.e.bookshop2.service.CacheManager - 🔍 Кэш до очистки: []
2025-09-24 23:56:17.640 INFO  [scheduling-1] c.e.bookshop2.service.CacheManager - 🧹 Очистка устаревших записей из кэша, текущий размер: 0, ключи: []
2025-09-24 23:56:20.574 INFO  [http-nio-8080-exec-6] c.e.bookshop2.aspect.LoggingAspect - [POST] /publishers - ResponseEntity com.example.bookshop2.controller.PublisherController.createPublisher(PublisherDto) with params: PublisherDto(id=null, name=172 квартира)
2025-09-24 23:56:20.581 INFO  [http-nio-8080-exec-6] c.e.bookshop2.service.CacheManager - 🗑 Кэш очищен для издателя: 172 квартира
2025-09-24 23:56:20.582 INFO  [http-nio-8080-exec-6] c.e.bookshop2.service.CacheManager - 🗑 Очищен кэш для префикса: publisher_1
2025-09-24 23:56:20.608 INFO  [http-nio-8080-exec-3] c.e.bookshop2.aspect.LoggingAspect - [GET] /publishers/search - ResponseEntity com.example.bookshop2.controller.PublisherController.searchPublishers(String) with params: 172 квартира
2025-09-24 23:56:20.610 INFO  [http-nio-8080-exec-3] c.e.bookshop2.service.CacheManager - ❌ Кэш не найден или устарел для ключа: publisher_search_172 квартира
2025-09-24 23:56:20.677 INFO  [http-nio-8080-exec-3] c.e.bookshop2.service.CacheManager - 💾 Данные сохранены в кэш: publisher_search_172 квартира
2025-09-24 23:56:22.376 INFO  [http-nio-8080-exec-9] c.e.bookshop2.aspect.LoggingAspect - [GET] /authors - ResponseEntity com.example.bookshop2.controller.AuthorController.getAllAuthors() with params: 
2025-09-24 23:56:22.376 INFO  [http-nio-8080-exec-10] c.e.bookshop2.aspect.LoggingAspect - [GET] /publishers - ResponseEntity com.example.bookshop2.controller.PublisherController.getAllPublishers() with params: 
2025-09-24 23:56:22.376 INFO  [http-nio-8080-exec-1] c.e.bookshop2.aspect.LoggingAspect - [GET] /books - ResponseEntity com.example.bookshop2.controller.BookController.getAllBooks() with params: 
2025-09-24 23:56:22.376 INFO  [http-nio-8080-exec-1] c.e.b.controller.BookController - Fetching all books
2025-09-24 23:56:22.392 INFO  [http-nio-8080-exec-9] c.e.bookshop2.aspect.LoggingAspect - [GET] /publishers - ResponseEntity com.example.bookshop2.controller.PublisherController.getAllPublishers() with params: 
2025-09-24 23:56:27.634 INFO  [scheduling-1] c.e.bookshop2.service.CacheManager - 🔍 Кэш до очистки: [publisher_search_172 квартира]
2025-09-24 23:56:27.634 INFO  [scheduling-1] c.e.bookshop2.service.CacheManager - 🧹 Очистка устаревших записей из кэша, текущий размер: 1, ключи: [publisher_search_172 квартира]
2025-09-24 23:56:37.632 INFO  [scheduling-1] c.e.bookshop2.service.CacheManager - 🔍 Кэш до очистки: [publisher_search_172 квартира]
2025-09-24 23:56:37.633 INFO  [scheduling-1] c.e.bookshop2.service.CacheManager - 🗑 Удаляется ключ: publisher_search_172 квартира
2025-09-24 23:56:37.634 INFO  [scheduling-1] c.e.bookshop2.service.CacheManager - 🧹 Очистка устаревших записей из кэша, текущий размер: 0, ключи: []
2025-09-24 23:56:38.644 INFO  [http-nio-8080-exec-3] c.e.bookshop2.aspect.LoggingAspect - [POST] /books - ResponseEntity com.example.bookshop2.controller.BookController.createBook(BookDto) with params: BookDto(id=null, name=Водка пиво, genre=Алгоколь, price=125.0, publisherId=1, publisherName=null, authorIds=[1], authorNames=null)
2025-09-24 23:56:38.646 INFO  [http-nio-8080-exec-3] c.e.b.controller.BookController - Creating book with title:  
2025-09-24 23:56:38.671 INFO  [http-nio-8080-exec-3] c.e.bookshop2.service.CacheManager - 🗑 Кэш очищен для издателя: 172 квартира
2025-09-24 23:56:38.671 INFO  [http-nio-8080-exec-3] c.e.bookshop2.service.CacheManager - 🗑 Кэш очищен для книги с ID: 1
2025-09-24 23:56:38.672 INFO  [http-nio-8080-exec-3] c.e.bookshop2.service.CacheManager - 🗑 Кэш очищен для автора с ID: 1
2025-09-24 23:56:38.703 INFO  [http-nio-8080-exec-10] c.e.bookshop2.aspect.LoggingAspect - [GET] /books - ResponseEntity com.example.bookshop2.controller.BookController.getAllBooks() with params: 
2025-09-24 23:56:38.704 INFO  [http-nio-8080-exec-10] c.e.b.controller.BookController - Fetching all books
2025-09-24 23:56:47.634 INFO  [scheduling-1] c.e.bookshop2.service.CacheManager - 🔍 Кэш до очистки: []
2025-09-24 23:56:47.635 INFO  [scheduling-1] c.e.bookshop2.service.CacheManager - 🧹 Очистка устаревших записей из кэша, текущий размер: 0, ключи: []
2025-09-24 23:56:57.639 INFO  [scheduling-1] c.e.bookshop2.service.CacheManager - 🔍 Кэш до очистки: []
2025-09-24 23:56:57.639 INFO  [scheduling-1] c.e.bookshop2.service.CacheManager - 🧹 Очистка устаревших записей из кэша, текущий размер: 0, ключи: []
2025-09-24 23:57:07.634 INFO  [scheduling-1] c.e.bookshop2.service.CacheManager - 🔍 Кэш до очистки: []
2025-09-24 23:57:07.634 INFO  [scheduling-1] c.e.bookshop2.service.CacheManager - 🧹 Очистка устаревших записей из кэша, текущий размер: 0, ключи: []
2025-09-24 23:57:17.634 INFO  [scheduling-1] c.e.bookshop2.service.CacheManager - 🔍 Кэш до очистки: []
2025-09-24 23:57:17.636 INFO  [scheduling-1] c.e.bookshop2.service.CacheManager - 🧹 Очистка устаревших записей из кэша, текущий размер: 0, ключи: []
2025-09-24 23:57:27.639 INFO  [scheduling-1] c.e.bookshop2.service.CacheManager - 🔍 Кэш до очистки: []
2025-09-24 23:57:27.640 INFO  [scheduling-1] c.e.bookshop2.service.CacheManager - 🧹 Очистка устаревших записей из кэша, текущий размер: 0, ключи: []
2025-09-24 23:57:37.641 INFO  [scheduling-1] c.e.bookshop2.service.CacheManager - 🔍 Кэш до очистки: []
2025-09-24 23:57:37.641 INFO  [scheduling-1] c.e.bookshop2.service.CacheManager - 🧹 Очистка устаревших записей из кэша, текущий размер: 0, ключи: []
2025-09-24 23:57:47.631 INFO  [scheduling-1] c.e.bookshop2.service.CacheManager - 🔍 Кэш до очистки: []
2025-09-24 23:57:47.632 INFO  [scheduling-1] c.e.bookshop2.service.CacheManager - 🧹 Очистка устаревших записей из кэша, текущий размер: 0, ключи: []
2025-09-24 23:57:57.642 INFO  [scheduling-1] c.e.bookshop2.service.CacheManager - 🔍 Кэш до очистки: []
2025-09-24 23:57:57.642 INFO  [scheduling-1] c.e.bookshop2.service.CacheManager - 🧹 Очистка устаревших записей из кэша, текущий размер: 0, ключи: []
2025-09-24 23:58:07.638 INFO  [scheduling-1] c.e.bookshop2.service.CacheManager - 🔍 Кэш до очистки: []
2025-09-24 23:58:07.638 INFO  [scheduling-1] c.e.bookshop2.service.CacheManager - 🧹 Очистка устаревших записей из кэша, текущий размер: 0, ключи: []
2025-09-24 23:58:17.639 INFO  [scheduling-1] c.e.bookshop2.service.CacheManager - 🔍 Кэш до очистки: []
2025-09-24 23:58:17.639 INFO  [scheduling-1] c.e.bookshop2.service.CacheManager - 🧹 Очистка устаревших записей из кэша, текущий размер: 0, ключи: []
2025-09-24 23:58:27.628 INFO  [scheduling-1] c.e.bookshop2.service.CacheManager - 🔍 Кэш до очистки: []
2025-09-24 23:58:27.628 INFO  [scheduling-1] c.e.bookshop2.service.CacheManager - 🧹 Очистка устаревших записей из кэша, текущий размер: 0, ключи: []
2025-09-24 23:58:37.637 INFO  [scheduling-1] c.e.bookshop2.service.CacheManager - 🔍 Кэш до очистки: []
2025-09-24 23:58:37.637 INFO  [scheduling-1] c.e.bookshop2.service.CacheManager - 🧹 Очистка устаревших записей из кэша, текущий размер: 0, ключи: []
2025-09-24 23:58:47.638 INFO  [scheduling-1] c.e.bookshop2.service.CacheManager - 🔍 Кэш до очистки: []
2025-09-24 23:58:47.640 INFO  [scheduling-1] c.e.bookshop2.service.CacheManager - 🧹 Очистка устаревших записей из кэша, текущий размер: 0, ключи: []
2025-09-24 23:58:57.639 INFO  [scheduling-1] c.e.bookshop2.service.CacheManager - 🔍 Кэш до очистки: []
2025-09-24 23:58:57.639 INFO  [scheduling-1] c.e.bookshop2.service.CacheManager - 🧹 Очистка устаревших записей из кэша, текущий размер: 0, ключи: []
2025-09-24 23:59:07.633 INFO  [scheduling-1] c.e.bookshop2.service.CacheManager - 🔍 Кэш до очистки: []
2025-09-24 23:59:07.633 INFO  [scheduling-1] c.e.bookshop2.service.CacheManager - 🧹 Очистка устаревших записей из кэша, текущий размер: 0, ключи: []
2025-09-24 23:59:17.638 INFO  [scheduling-1] c.e.bookshop2.service.CacheManager - 🔍 Кэш до очистки: []
2025-09-24 23:59:17.639 INFO  [scheduling-1] c.e.bookshop2.service.CacheManager - 🧹 Очистка устаревших записей из кэша, текущий размер: 0, ключи: []
2025-09-24 23:59:27.637 INFO  [scheduling-1] c.e.bookshop2.service.CacheManager - 🔍 Кэш до очистки: []
2025-09-24 23:59:27.637 INFO  [scheduling-1] c.e.bookshop2.service.CacheManager - 🧹 Очистка устаревших записей из кэша, текущий размер: 0, ключи: []
2025-09-24 23:59:37.640 INFO  [scheduling-1] c.e.bookshop2.service.CacheManager - 🔍 Кэш до очистки: []
2025-09-24 23:59:37.641 INFO  [scheduling-1] c.e.bookshop2.service.CacheManager - 🧹 Очистка устаревших записей из кэша, текущий размер: 0, ключи: []
2025-09-24 23:59:47.638 INFO  [scheduling-1] c.e.bookshop2.service.CacheManager - 🔍 Кэш до очистки: []
2025-09-24 23:59:47.638 INFO  [scheduling-1] c.e.bookshop2.service.CacheManager - 🧹 Очистка устаревших записей из кэша, текущий размер: 0, ключи: []
2025-09-24 23:59:57.627 INFO  [scheduling-1] c.e.bookshop2.service.CacheManager - 🔍 Кэш до очистки: []
2025-09-24 23:59:57.627 INFO  [scheduling-1] c.e.bookshop2.service.CacheManager - 🧹 Очистка устаревших записей из кэша, текущий размер: 0, ключи: []
